<?xml version="1.0" encoding="UTF-8"?>
<!-- Generated by org.testng.reporters.JUnitReportReporter -->
<testsuite skipped="3" hostname="AB" name="com.automation.session7TestNG.VtigerUsingTestNG" tests="3" failures="0" timestamp="19 Jul 2019 19:19:48 GMT" time="0.000" errors="0">
  <testcase name="leadCreation" time="0.000" classname="com.automation.session7TestNG.VtigerUsingTestNG">
    <skipped/>
  </testcase> <!-- leadCreation -->
  <testcase name="leadModify" time="0.000" classname="com.automation.session7TestNG.VtigerUsingTestNG">
    <skipped/>
  </testcase> <!-- leadModify -->
  <testcase name="leadDelete" time="0.000" classname="com.automation.session7TestNG.VtigerUsingTestNG">
    <skipped/>
  </testcase> <!-- leadDelete -->
</testsuite> <!-- com.automation.session7TestNG.VtigerUsingTestNG -->
