<?xml version="1.0" encoding="UTF-8"?>
<!-- Generated by org.testng.reporters.JUnitReportReporter -->
<testsuite skipped="0" hostname="AB" name="com.automation.session7TestNG.VtigerUsingXML" tests="3" failures="0" timestamp="19 Jul 2019 19:47:41 GMT" time="90.859" errors="0">
  <testcase name="leadCreation" time="25.031" classname="com.automation.session7TestNG.VtigerUsingXML"/>
  <testcase name="leadModify" time="37.759" classname="com.automation.session7TestNG.VtigerUsingXML"/>
  <testcase name="leadDelete" time="28.069" classname="com.automation.session7TestNG.VtigerUsingXML"/>
</testsuite> <!-- com.automation.session7TestNG.VtigerUsingXML -->
