<?xml version="1.0" encoding="UTF-8"?>
<!-- Generated by org.testng.reporters.JUnitReportReporter -->
<testsuite skipped="0" hostname="AB" name="com.vtiger.webpageScripts.DashBoardPageScript" tests="1" failures="0" timestamp="01 Aug 2019 18:36:30 GMT" time="7.903" errors="0">
  <testcase name="leadCreation" time="7.903" classname="com.vtiger.webpageScripts.DashBoardPageScript"/>
</testsuite> <!-- com.vtiger.webpageScripts.DashBoardPageScript -->
