<?xml version="1.0" encoding="UTF-8"?>
<!-- Generated by org.testng.reporters.JUnitReportReporter -->
<testsuite skipped="0" hostname="AB" name="com.vtiger.webpageScripts.LeadPageDelete" tests="1" failures="0" timestamp="01 Aug 2019 18:36:30 GMT" time="13.843" errors="0">
  <testcase name="deleteLead" time="13.843" classname="com.vtiger.webpageScripts.LeadPageDelete"/>
</testsuite> <!-- com.vtiger.webpageScripts.LeadPageDelete -->
