<?xml version="1.0" encoding="UTF-8"?>
<!-- Generated by org.testng.reporters.JUnitReportReporter -->
<testsuite skipped="0" hostname="AB" name="com.vtiger.webpageScripts.LeadPageScript" tests="1" failures="0" timestamp="01 Aug 2019 18:36:30 GMT" time="49.619" errors="0">
  <testcase name="leadModify" time="49.619" classname="com.vtiger.webpageScripts.LeadPageScript"/>
</testsuite> <!-- com.vtiger.webpageScripts.LeadPageScript -->
