<?xml version="1.0" encoding="UTF-8"?>
<!-- Generated by org.testng.reporters.JUnitReportReporter -->
<testsuite skipped="0" hostname="AB" name="com.vtiger.webpageScripts.LoginPageScript" tests="1" failures="0" timestamp="01 Aug 2019 18:36:30 GMT" time="39.545" errors="0">
  <testcase name="loginIntoVtigerApp" time="39.545" classname="com.vtiger.webpageScripts.LoginPageScript"/>
</testsuite> <!-- com.vtiger.webpageScripts.LoginPageScript -->
